app/build/intermediates/manifest_merge_blame_file/debug/manifest-merger-blame-debug-report.txt
1<?xml version="1.0" encoding="utf-8"?>
2<manifest xmlns:android="http://schemas.android.com/apk/res/android"
3    package="com.qtunex.virtual.drum"
4    android:versionCode="1"
5    android:versionName="1.0" >
6
7    <uses-sdk
8        android:minSdkVersion="28"
8-->src/main/AndroidManifest.xml
9        android:targetSdkVersion="31" />
9-->src/main/AndroidManifest.xml
10
11    <uses-permission android:name="android.permission.READ_PHONE_STATE" />
11-->src/main/AndroidManifest.xml:6:5-75
11-->src/main/AndroidManifest.xml:6:22-72
12    <uses-permission android:name="android.permission.INTERNET" />
12-->src/main/AndroidManifest.xml:8:5-67
12-->src/main/AndroidManifest.xml:8:22-64
13    <uses-permission android:name="android.permission.ACCESS_NETWORK_STATE" />
13-->src/main/AndroidManifest.xml:9:5-79
13-->src/main/AndroidManifest.xml:9:22-76
14    <uses-permission android:name="android.permission.RECORD_AUDIO" />
14-->src/main/AndroidManifest.xml:10:5-71
14-->src/main/AndroidManifest.xml:10:22-68
15    <uses-permission android:name="android.permission.MODIFY_AUDIO_SETTINGS" />
15-->src/main/AndroidManifest.xml:11:5-80
15-->src/main/AndroidManifest.xml:11:22-77
16    <uses-permission android:name="android.permission.WRITE_EXTERNAL_STORAGE" />
16-->src/main/AndroidManifest.xml:12:5-81
16-->src/main/AndroidManifest.xml:12:22-78
17    <uses-permission android:name="android.permission.READ_EXTERNAL_STORAGE" />
17-->src/main/AndroidManifest.xml:13:5-80
17-->src/main/AndroidManifest.xml:13:22-77
18
19    <supports-screens
19-->src/main/AndroidManifest.xml:17:5-23:40
20        android:anyDensity="true"
20-->src/main/AndroidManifest.xml:18:9-34
21        android:largeScreens="true"
21-->src/main/AndroidManifest.xml:19:9-36
22        android:normalScreens="true"
22-->src/main/AndroidManifest.xml:20:9-37
23        android:resizeable="true"
23-->src/main/AndroidManifest.xml:21:9-34
24        android:smallScreens="true"
24-->src/main/AndroidManifest.xml:22:9-36
25        android:xlargeScreens="true" />
25-->src/main/AndroidManifest.xml:23:9-37
26
27    <!-- Optional permission for Analytics to run. -->
28    <uses-permission android:name="android.permission.WAKE_LOCK" /> <!-- Required by older versions of Google Play services to create GCM registration tokens -->
28-->[com.google.android.gms:play-services-analytics:12.0.1] AndroidManifest.xml:27:5-68
28-->[com.google.android.gms:play-services-analytics:12.0.1] AndroidManifest.xml:27:22-65
29    <uses-permission android:name="com.google.android.c2dm.permission.RECEIVE" />
29-->[com.google.android.gms:play-services-gcm:12.0.1] AndroidManifest.xml:23:5-82
29-->[com.google.android.gms:play-services-gcm:12.0.1] AndroidManifest.xml:23:22-79
30
31    <uses-feature
31-->[com.google.android.gms:play-services-maps:12.0.1] AndroidManifest.xml:26:5-28:35
32        android:glEsVersion="0x00020000"
32-->[com.google.android.gms:play-services-maps:12.0.1] AndroidManifest.xml:27:9-41
33        android:required="true" />
33-->[com.google.android.gms:play-services-maps:12.0.1] AndroidManifest.xml:28:9-32
34
35    <permission
35-->[com.google.firebase:firebase-iid:12.0.1] AndroidManifest.xml:28:5-30:47
36        android:name="com.qtunex.virtual.drum.permission.C2D_MESSAGE"
36-->[com.google.firebase:firebase-iid:12.0.1] AndroidManifest.xml:29:9-63
37        android:protectionLevel="signature" />
37-->[com.google.firebase:firebase-iid:12.0.1] AndroidManifest.xml:30:9-44
38
39    <uses-permission android:name="com.qtunex.virtual.drum.permission.C2D_MESSAGE" />
39-->[com.google.firebase:firebase-iid:12.0.1] AndroidManifest.xml:32:5-79
39-->[com.google.firebase:firebase-iid:12.0.1] AndroidManifest.xml:32:22-76
40
41    <application
41-->src/main/AndroidManifest.xml:25:5-52:19
42        android:allowBackup="true"
42-->src/main/AndroidManifest.xml:26:9-35
43        android:appComponentFactory="androidx.core.app.CoreComponentFactory"
43-->[androidx.core:core:1.7.0] AndroidManifest.xml:24:18-86
44        android:debuggable="true"
45        android:extractNativeLibs="false"
46        android:icon="@drawable/ic_launcher"
46-->src/main/AndroidManifest.xml:27:9-45
47        android:label="@string/app_name"
47-->src/main/AndroidManifest.xml:28:9-41
48        android:theme="@style/AppBaseTheme" >
48-->src/main/AndroidManifest.xml:29:9-44
49
50        <!-- This meta-data tag is required to use Google Play Services. -->
51        <meta-data
51-->src/main/AndroidManifest.xml:32:9-34:69
52            android:name="com.google.android.gms.version"
52-->src/main/AndroidManifest.xml:33:13-58
53            android:value="@integer/google_play_services_version" />
53-->src/main/AndroidManifest.xml:34:13-66
54
55        <activity
55-->src/main/AndroidManifest.xml:36:9-46:20
56            android:name="com.virtual.drum.DrumBeats"
56-->src/main/AndroidManifest.xml:37:13-54
57            android:exported="true"
57-->src/main/AndroidManifest.xml:40:13-36
58            android:label="@string/app_name"
58-->src/main/AndroidManifest.xml:38:13-45
59            android:screenOrientation="landscape" >
59-->src/main/AndroidManifest.xml:39:13-50
60            <intent-filter>
60-->src/main/AndroidManifest.xml:41:13-45:29
61                <action android:name="android.intent.action.MAIN" />
61-->src/main/AndroidManifest.xml:42:17-69
61-->src/main/AndroidManifest.xml:42:25-66
62
63                <category android:name="android.intent.category.LAUNCHER" />
63-->src/main/AndroidManifest.xml:44:17-77
63-->src/main/AndroidManifest.xml:44:27-74
64            </intent-filter>
65        </activity>
66        <!-- Include the AdActivity configChanges and theme. -->
67        <activity
67-->src/main/AndroidManifest.xml:48:9-51:64
68            android:name="com.google.android.gms.ads.AdActivity"
68-->src/main/AndroidManifest.xml:49:13-65
69            android:configChanges="keyboard|keyboardHidden|orientation|screenLayout|uiMode|screenSize|smallestScreenSize"
69-->src/main/AndroidManifest.xml:50:13-122
70            android:exported="false"
70-->[com.google.android.gms:play-services-ads-lite:12.0.1] AndroidManifest.xml:32:13-37
71            android:theme="@android:style/Theme.Translucent" />
71-->src/main/AndroidManifest.xml:51:13-61
72
73        <receiver android:name="com.google.android.gms.cast.framework.media.MediaIntentReceiver" />
73-->[com.google.android.gms:play-services-cast-framework:12.0.1] AndroidManifest.xml:8:9-100
73-->[com.google.android.gms:play-services-cast-framework:12.0.1] AndroidManifest.xml:8:19-97
74
75        <service android:name="com.google.android.gms.cast.framework.media.MediaNotificationService" />
75-->[com.google.android.gms:play-services-cast-framework:12.0.1] AndroidManifest.xml:10:9-104
75-->[com.google.android.gms:play-services-cast-framework:12.0.1] AndroidManifest.xml:10:18-101
76        <service android:name="com.google.android.gms.cast.framework.ReconnectionService" />
76-->[com.google.android.gms:play-services-cast-framework:12.0.1] AndroidManifest.xml:11:9-93
76-->[com.google.android.gms:play-services-cast-framework:12.0.1] AndroidManifest.xml:11:18-90
77
78        <receiver
78-->[com.google.android.gms:play-services-analytics:12.0.1] AndroidManifest.xml:30:9-34:20
79            android:name="com.google.android.gms.analytics.AnalyticsReceiver"
79-->[com.google.android.gms:play-services-analytics:12.0.1] AndroidManifest.xml:31:13-78
80            android:enabled="true"
80-->[com.google.android.gms:play-services-analytics:12.0.1] AndroidManifest.xml:32:13-35
81            android:exported="false" >
81-->[com.google.android.gms:play-services-analytics:12.0.1] AndroidManifest.xml:33:13-37
82        </receiver>
83
84        <service
84-->[com.google.android.gms:play-services-analytics:12.0.1] AndroidManifest.xml:36:9-39:40
85            android:name="com.google.android.gms.analytics.AnalyticsService"
85-->[com.google.android.gms:play-services-analytics:12.0.1] AndroidManifest.xml:37:13-77
86            android:enabled="true"
86-->[com.google.android.gms:play-services-analytics:12.0.1] AndroidManifest.xml:38:13-35
87            android:exported="false" />
87-->[com.google.android.gms:play-services-analytics:12.0.1] AndroidManifest.xml:39:13-37
88        <service
88-->[com.google.android.gms:play-services-analytics:12.0.1] AndroidManifest.xml:40:9-44:72
89            android:name="com.google.android.gms.analytics.AnalyticsJobService"
89-->[com.google.android.gms:play-services-analytics:12.0.1] AndroidManifest.xml:41:13-80
90            android:enabled="true"
90-->[com.google.android.gms:play-services-analytics:12.0.1] AndroidManifest.xml:42:13-35
91            android:exported="false"
91-->[com.google.android.gms:play-services-analytics:12.0.1] AndroidManifest.xml:43:13-37
92            android:permission="android.permission.BIND_JOB_SERVICE" />
92-->[com.google.android.gms:play-services-analytics:12.0.1] AndroidManifest.xml:44:13-69
93
94        <activity
94-->[com.google.android.gms:play-services-appinvite:12.0.1] AndroidManifest.xml:25:9-34:20
95            android:name="com.google.android.gms.appinvite.PreviewActivity"
95-->[com.google.android.gms:play-services-appinvite:12.0.1] AndroidManifest.xml:26:13-76
96            android:exported="true"
96-->[com.google.android.gms:play-services-appinvite:12.0.1] AndroidManifest.xml:27:13-36
97            android:theme="@style/Theme.AppInvite.Preview" >
97-->[com.google.android.gms:play-services-appinvite:12.0.1] AndroidManifest.xml:28:13-59
98            <intent-filter>
98-->[com.google.android.gms:play-services-appinvite:12.0.1] AndroidManifest.xml:29:13-33:29
99                <action android:name="com.google.android.gms.appinvite.ACTION_PREVIEW" />
99-->[com.google.android.gms:play-services-appinvite:12.0.1] AndroidManifest.xml:30:17-90
99-->[com.google.android.gms:play-services-appinvite:12.0.1] AndroidManifest.xml:30:25-87
100
101                <category android:name="android.intent.category.DEFAULT" />
101-->[com.google.android.gms:play-services-appinvite:12.0.1] AndroidManifest.xml:32:17-76
101-->[com.google.android.gms:play-services-appinvite:12.0.1] AndroidManifest.xml:32:27-73
102            </intent-filter>
103        </activity>
104        <activity
104-->[com.google.android.gms:play-services-auth:12.0.1] AndroidManifest.xml:23:9-27:75
105            android:name="com.google.android.gms.auth.api.signin.internal.SignInHubActivity"
105-->[com.google.android.gms:play-services-auth:12.0.1] AndroidManifest.xml:24:13-93
106            android:excludeFromRecents="true"
106-->[com.google.android.gms:play-services-auth:12.0.1] AndroidManifest.xml:25:13-46
107            android:exported="false"
107-->[com.google.android.gms:play-services-auth:12.0.1] AndroidManifest.xml:26:13-37
108            android:theme="@android:style/Theme.Translucent.NoTitleBar" />
108-->[com.google.android.gms:play-services-auth:12.0.1] AndroidManifest.xml:27:13-72
109        <!--
110            Service handling Google Sign-In user revocation. For apps that do not integrate with
111            Google Sign-In, this service will never be started.
112        -->
113        <service
113-->[com.google.android.gms:play-services-auth:12.0.1] AndroidManifest.xml:33:9-36:110
114            android:name="com.google.android.gms.auth.api.signin.RevocationBoundService"
114-->[com.google.android.gms:play-services-auth:12.0.1] AndroidManifest.xml:34:13-89
115            android:exported="true"
115-->[com.google.android.gms:play-services-auth:12.0.1] AndroidManifest.xml:35:13-36
116            android:permission="com.google.android.gms.auth.api.signin.permission.REVOCATION_NOTIFICATION" />
116-->[com.google.android.gms:play-services-auth:12.0.1] AndroidManifest.xml:36:13-107
117
118        <activity
118-->[com.google.firebase:firebase-auth:12.0.1] AndroidManifest.xml:23:9-29:75
119            android:name="com.google.firebase.auth.internal.FederatedSignInActivity"
119-->[com.google.firebase:firebase-auth:12.0.1] AndroidManifest.xml:24:13-85
120            android:excludeFromRecents="true"
120-->[com.google.firebase:firebase-auth:12.0.1] AndroidManifest.xml:25:13-46
121            android:exported="true"
121-->[com.google.firebase:firebase-auth:12.0.1] AndroidManifest.xml:26:13-36
122            android:launchMode="singleInstance"
122-->[com.google.firebase:firebase-auth:12.0.1] AndroidManifest.xml:27:13-48
123            android:permission="com.google.firebase.auth.api.gms.permission.LAUNCH_FEDERATED_SIGN_IN"
123-->[com.google.firebase:firebase-auth:12.0.1] AndroidManifest.xml:28:13-102
124            android:theme="@android:style/Theme.Translucent.NoTitleBar" />
124-->[com.google.firebase:firebase-auth:12.0.1] AndroidManifest.xml:29:13-72
125        <activity
125-->[com.google.android.gms:play-services-base:12.0.1] AndroidManifest.xml:23:9-26:75
126            android:name="com.google.android.gms.common.api.GoogleApiActivity"
126-->[com.google.android.gms:play-services-base:12.0.1] AndroidManifest.xml:24:13-79
127            android:exported="false"
127-->[com.google.android.gms:play-services-base:12.0.1] AndroidManifest.xml:25:13-37
128            android:theme="@android:style/Theme.Translucent.NoTitleBar" />
128-->[com.google.android.gms:play-services-base:12.0.1] AndroidManifest.xml:26:13-72
129        <!--
130             FirebaseMessagingService performs security checks at runtime,
131             no need for explicit permissions despite exported="true"
132        -->
133        <service
133-->[com.google.firebase:firebase-messaging:12.0.1] AndroidManifest.xml:28:9-34:19
134            android:name="com.google.firebase.messaging.FirebaseMessagingService"
134-->[com.google.firebase:firebase-messaging:12.0.1] AndroidManifest.xml:29:13-82
135            android:exported="true" >
135-->[com.google.firebase:firebase-messaging:12.0.1] AndroidManifest.xml:30:13-36
136            <intent-filter android:priority="-500" >
136-->[com.google.firebase:firebase-messaging:12.0.1] AndroidManifest.xml:31:13-33:29
136-->[com.google.firebase:firebase-messaging:12.0.1] AndroidManifest.xml:31:28-51
137                <action android:name="com.google.firebase.MESSAGING_EVENT" />
137-->[com.google.firebase:firebase-messaging:12.0.1] AndroidManifest.xml:32:17-78
137-->[com.google.firebase:firebase-messaging:12.0.1] AndroidManifest.xml:32:25-75
138            </intent-filter>
139        </service>
140        <service
140-->[com.google.android.gms:play-services-tagmanager-api:12.0.1] AndroidManifest.xml:27:9-30:40
141            android:name="com.google.android.gms.tagmanager.TagManagerService"
141-->[com.google.android.gms:play-services-tagmanager-api:12.0.1] AndroidManifest.xml:28:13-79
142            android:enabled="true"
142-->[com.google.android.gms:play-services-tagmanager-api:12.0.1] AndroidManifest.xml:29:13-35
143            android:exported="false" />
143-->[com.google.android.gms:play-services-tagmanager-api:12.0.1] AndroidManifest.xml:30:13-37
144
145        <activity
145-->[com.google.android.gms:play-services-tagmanager-api:12.0.1] AndroidManifest.xml:32:9-44:20
146            android:name="com.google.android.gms.tagmanager.TagManagerPreviewActivity"
146-->[com.google.android.gms:play-services-tagmanager-api:12.0.1] AndroidManifest.xml:33:13-87
147            android:exported="true"
147-->[com.google.android.gms:play-services-tagmanager-api:12.0.1] AndroidManifest.xml:34:13-36
148            android:noHistory="true" > <!-- optional, removes the previewActivity from the activity stack. -->
148-->[com.google.android.gms:play-services-tagmanager-api:12.0.1] AndroidManifest.xml:35:13-37
149            <intent-filter>
149-->[com.google.android.gms:play-services-tagmanager-api:12.0.1] AndroidManifest.xml:36:13-43:29
150                <data android:scheme="tagmanager.c.com.qtunex.virtual.drum" />
150-->[com.google.android.gms:play-services-tagmanager-api:12.0.1] AndroidManifest.xml:37:17-72
150-->[com.google.android.gms:play-services-tagmanager-api:12.0.1] AndroidManifest.xml:37:23-69
151
152                <action android:name="android.intent.action.VIEW" />
152-->[com.google.android.gms:play-services-tagmanager-api:12.0.1] AndroidManifest.xml:39:17-69
152-->[com.google.android.gms:play-services-tagmanager-api:12.0.1] AndroidManifest.xml:39:25-66
153
154                <category android:name="android.intent.category.DEFAULT" />
154-->[com.google.android.gms:play-services-appinvite:12.0.1] AndroidManifest.xml:32:17-76
154-->[com.google.android.gms:play-services-appinvite:12.0.1] AndroidManifest.xml:32:27-73
155                <category android:name="android.intent.category.BROWSABLE" />
155-->[com.google.android.gms:play-services-tagmanager-api:12.0.1] AndroidManifest.xml:42:17-78
155-->[com.google.android.gms:play-services-tagmanager-api:12.0.1] AndroidManifest.xml:42:27-75
156            </intent-filter>
157        </activity>
158
159        <receiver
159-->[com.google.firebase:firebase-analytics:12.0.1] AndroidManifest.xml:28:9-32:20
160            android:name="com.google.android.gms.measurement.AppMeasurementReceiver"
160-->[com.google.firebase:firebase-analytics:12.0.1] AndroidManifest.xml:29:13-85
161            android:enabled="true"
161-->[com.google.firebase:firebase-analytics:12.0.1] AndroidManifest.xml:30:13-35
162            android:exported="false" >
162-->[com.google.firebase:firebase-analytics:12.0.1] AndroidManifest.xml:31:13-37
163        </receiver>
164        <receiver
164-->[com.google.firebase:firebase-analytics:12.0.1] AndroidManifest.xml:33:9-41:20
165            android:name="com.google.android.gms.measurement.AppMeasurementInstallReferrerReceiver"
165-->[com.google.firebase:firebase-analytics:12.0.1] AndroidManifest.xml:34:13-100
166            android:enabled="true"
166-->[com.google.firebase:firebase-analytics:12.0.1] AndroidManifest.xml:35:13-35
167            android:exported="true"
167-->[com.google.firebase:firebase-analytics:12.0.1] AndroidManifest.xml:36:13-36
168            android:permission="android.permission.INSTALL_PACKAGES" >
168-->[com.google.firebase:firebase-analytics:12.0.1] AndroidManifest.xml:37:13-69
169            <intent-filter>
169-->[com.google.firebase:firebase-analytics:12.0.1] AndroidManifest.xml:38:13-40:29
170                <action android:name="com.android.vending.INSTALL_REFERRER" />
170-->[com.google.firebase:firebase-analytics:12.0.1] AndroidManifest.xml:39:17-79
170-->[com.google.firebase:firebase-analytics:12.0.1] AndroidManifest.xml:39:25-76
171            </intent-filter>
172        </receiver>
173
174        <service
174-->[com.google.firebase:firebase-analytics:12.0.1] AndroidManifest.xml:43:9-46:40
175            android:name="com.google.android.gms.measurement.AppMeasurementService"
175-->[com.google.firebase:firebase-analytics:12.0.1] AndroidManifest.xml:44:13-84
176            android:enabled="true"
176-->[com.google.firebase:firebase-analytics:12.0.1] AndroidManifest.xml:45:13-35
177            android:exported="false" />
177-->[com.google.firebase:firebase-analytics:12.0.1] AndroidManifest.xml:46:13-37
178        <service
178-->[com.google.firebase:firebase-analytics:12.0.1] AndroidManifest.xml:47:9-51:72
179            android:name="com.google.android.gms.measurement.AppMeasurementJobService"
179-->[com.google.firebase:firebase-analytics:12.0.1] AndroidManifest.xml:48:13-87
180            android:enabled="true"
180-->[com.google.firebase:firebase-analytics:12.0.1] AndroidManifest.xml:49:13-35
181            android:exported="false"
181-->[com.google.firebase:firebase-analytics:12.0.1] AndroidManifest.xml:50:13-37
182            android:permission="android.permission.BIND_JOB_SERVICE" />
182-->[com.google.firebase:firebase-analytics:12.0.1] AndroidManifest.xml:51:13-69
183
184        <receiver
184-->[com.google.firebase:firebase-iid:12.0.1] AndroidManifest.xml:35:9-44:20
185            android:name="com.google.firebase.iid.FirebaseInstanceIdReceiver"
185-->[com.google.firebase:firebase-iid:12.0.1] AndroidManifest.xml:36:13-78
186            android:exported="true"
186-->[com.google.firebase:firebase-iid:12.0.1] AndroidManifest.xml:37:13-36
187            android:permission="com.google.android.c2dm.permission.SEND" >
187-->[com.google.firebase:firebase-iid:12.0.1] AndroidManifest.xml:38:13-73
188            <intent-filter>
188-->[com.google.firebase:firebase-iid:12.0.1] AndroidManifest.xml:39:13-43:29
189                <action android:name="com.google.android.c2dm.intent.RECEIVE" />
189-->[com.google.firebase:firebase-iid:12.0.1] AndroidManifest.xml:40:17-81
189-->[com.google.firebase:firebase-iid:12.0.1] AndroidManifest.xml:40:25-78
190
191                <category android:name="com.qtunex.virtual.drum" />
191-->[com.google.firebase:firebase-iid:12.0.1] AndroidManifest.xml:42:17-61
191-->[com.google.firebase:firebase-iid:12.0.1] AndroidManifest.xml:42:27-58
192            </intent-filter>
193        </receiver>
194        <!--
195             FirebaseInstanceIdService performs security checks at runtime,
196             no need for explicit permissions despite exported="true"
197        -->
198        <service
198-->[com.google.firebase:firebase-iid:12.0.1] AndroidManifest.xml:50:9-56:19
199            android:name="com.google.firebase.iid.FirebaseInstanceIdService"
199-->[com.google.firebase:firebase-iid:12.0.1] AndroidManifest.xml:51:13-77
200            android:exported="true" >
200-->[com.google.firebase:firebase-iid:12.0.1] AndroidManifest.xml:52:13-36
201            <intent-filter android:priority="-500" >
201-->[com.google.firebase:firebase-iid:12.0.1] AndroidManifest.xml:53:13-55:29
201-->[com.google.firebase:firebase-iid:12.0.1] AndroidManifest.xml:53:28-51
202                <action android:name="com.google.firebase.INSTANCE_ID_EVENT" />
202-->[com.google.firebase:firebase-iid:12.0.1] AndroidManifest.xml:54:17-80
202-->[com.google.firebase:firebase-iid:12.0.1] AndroidManifest.xml:54:25-77
203            </intent-filter>
204        </service>
205
206        <provider
206-->[com.google.firebase:firebase-common:12.0.1] AndroidManifest.xml:8:9-12:39
207            android:name="com.google.firebase.provider.FirebaseInitProvider"
207-->[com.google.firebase:firebase-common:12.0.1] AndroidManifest.xml:9:13-77
208            android:authorities="com.qtunex.virtual.drum.firebaseinitprovider"
208-->[com.google.firebase:firebase-common:12.0.1] AndroidManifest.xml:10:13-72
209            android:exported="false"
209-->[com.google.firebase:firebase-common:12.0.1] AndroidManifest.xml:11:13-37
210            android:initOrder="100" />
210-->[com.google.firebase:firebase-common:12.0.1] AndroidManifest.xml:12:13-36
211        <provider
211-->[androidx.emoji2:emoji2:1.0.0] AndroidManifest.xml:26:9-34:20
212            android:name="androidx.startup.InitializationProvider"
212-->[androidx.emoji2:emoji2:1.0.0] AndroidManifest.xml:27:13-67
213            android:authorities="com.qtunex.virtual.drum.androidx-startup"
213-->[androidx.emoji2:emoji2:1.0.0] AndroidManifest.xml:28:13-68
214            android:exported="false" >
214-->[androidx.emoji2:emoji2:1.0.0] AndroidManifest.xml:29:13-37
215            <meta-data
215-->[androidx.emoji2:emoji2:1.0.0] AndroidManifest.xml:31:13-33:52
216                android:name="androidx.emoji2.text.EmojiCompatInitializer"
216-->[androidx.emoji2:emoji2:1.0.0] AndroidManifest.xml:32:17-75
217                android:value="androidx.startup" />
217-->[androidx.emoji2:emoji2:1.0.0] AndroidManifest.xml:33:17-49
218            <meta-data
218-->[androidx.lifecycle:lifecycle-process:2.4.0] AndroidManifest.xml:31:13-33:52
219                android:name="androidx.lifecycle.ProcessLifecycleInitializer"
219-->[androidx.lifecycle:lifecycle-process:2.4.0] AndroidManifest.xml:32:17-78
220                android:value="androidx.startup" />
220-->[androidx.lifecycle:lifecycle-process:2.4.0] AndroidManifest.xml:33:17-49
221        </provider>
222    </application>
223
224</manifest>